2018-06-10 23:02:58 INFO  App:16 - This is debug!
2018-06-10 23:05:24 INFO  App:16 - This is debug!
2018-06-10 23:12:16 INFO  App:16 - This is debug!
2018-06-10 23:13:44 INFO  App:16 - This is debug!
2018-06-10 23:23:14 INFO  App:16 - This is debug!
2018-06-10 23:27:54 ERROR App:16 - This is debug!
2018-06-10 23:29:03 DEBUG App:16 - This is debug!
2018-06-10 23:33:25 DEBUG App:16 - This is debug!
2018-06-10 23:33:27 DEBUG App:38 - No of Unread Messages : -1
2018-06-11 01:03:51 DEBUG App:20 - This is debug!
2018-06-11 01:03:55 DEBUG Mail:38 - No of Unread Messages : -1
2018-06-11 01:05:26 DEBUG App:20 - This is debug!
2018-06-11 01:05:27 DEBUG Mail:38 - No of Unread Messages : -1
2018-06-11 01:05:28 DEBUG Report:18 - Report: 
2018-06-11 01:08:57 DEBUG App:20 - This is debug!
2018-06-11 01:08:59 DEBUG Mail:38 - No of Unread Messages : -1
2018-06-11 01:09:00 DEBUG App:25 - Received 0 new messages
2018-06-11 01:09:00 DEBUG Report:18 - Report: 
2018-06-11 01:09:42 DEBUG App:20 - This is debug!
2018-06-11 01:09:44 DEBUG Mail:38 - No of Unread Messages : -1
2018-06-11 01:09:44 DEBUG App:25 - Received 0 new messages
2018-06-11 01:09:44 DEBUG Report:18 - Report: 
2018-06-11 01:10:16 DEBUG App:20 - This is debug!
2018-06-11 01:10:18 DEBUG Mail:38 - No of Unread Messages : -1
2018-06-11 01:10:19 DEBUG App:25 - Received 430 new messages
2018-06-11 01:10:19 DEBUG Report:18 - Report: 
 test SUCCESS
 test SUCCESS
 test SUCCESS
 test SUCCESS
 test SUCCESS
 test SUCCESS
 test SUCCESS
 test SUCCESS
 test SUCCESS
 test SUCCESS
 test SUCCESS
 test SUCCESS
 test SUCCESS
 test SUCCESS
 test SUCCESS
 test SUCCESS
 test SUCCESS
 test SUCCESS
 test SUCCESS
 test SUCCESS
 test SUCCESS
 test SUCCESS
 test SUCCESS
 test SUCCESS
 test SUCCESS
 test SUCCESS
 test SUCCESS
 test SUCCESS
 test SUCCESS
 test SUCCESS
 test SUCCESS
 test SUCCESS
 test SUCCESS
 test SUCCESS
 test SUCCESS
 test SUCCESS
 test SUCCESS
 test SUCCESS
 test SUCCESS
 test SUCCESS
 test SUCCESS
 test SUCCESS
 test SUCCESS
 test SUCCESS
 test SUCCESS
 test SUCCESS
 test SUCCESS
 test SUCCESS
 test SUCCESS
 test SUCCESS
 test SUCCESS
 test SUCCESS
 test SUCCESS
 test SUCCESS
 test SUCCESS
 test SUCCESS
 test SUCCESS
 test SUCCESS
 test SUCCESS
 test SUCCESS
 test SUCCESS
 test SUCCESS
 test SUCCESS
 test SUCCESS
 test SUCCESS
 test SUCCESS
 test SUCCESS
 test SUCCESS
 test SUCCESS
 test SUCCESS
 test SUCCESS
 test SUCCESS
 test SUCCESS
 test SUCCESS
 test SUCCESS
 test SUCCESS
 test SUCCESS
 test SUCCESS
 test SUCCESS
 test SUCCESS
 test SUCCESS
 test SUCCESS
 test SUCCESS
 test SUCCESS
 test SUCCESS
 test SUCCESS
 test SUCCESS
 test SUCCESS
 test SUCCESS
 test SUCCESS
 test SUCCESS
 test SUCCESS
 test SUCCESS
 test SUCCESS
 test SUCCESS
 test SUCCESS
 test SUCCESS
 test SUCCESS
 test SUCCESS
 test SUCCESS
 test SUCCESS
 test SUCCESS
 test SUCCESS
 test SUCCESS
 test SUCCESS
 test SUCCESS
 test SUCCESS
 test SUCCESS
 test SUCCESS
 test SUCCESS
 test SUCCESS
 test SUCCESS
 test SUCCESS
 test SUCCESS
 test SUCCESS
 test SUCCESS
 test SUCCESS
 test SUCCESS
 test SUCCESS
 test SUCCESS
 test SUCCESS
 test SUCCESS
 test SUCCESS
 test SUCCESS
 test SUCCESS
 test SUCCESS
 test SUCCESS
 test SUCCESS
 test SUCCESS
 test SUCCESS
 test SUCCESS
 test SUCCESS
 test SUCCESS
 test SUCCESS
 test SUCCESS
 test SUCCESS
 test SUCCESS
 test SUCCESS
 test SUCCESS
 test SUCCESS
 test SUCCESS
 test SUCCESS
 test SUCCESS
 test SUCCESS
 test SUCCESS
 test SUCCESS
 test SUCCESS
 test SUCCESS
 test SUCCESS
 test SUCCESS
 test SUCCESS
 test SUCCESS
 test SUCCESS
 test SUCCESS
 test SUCCESS
 test SUCCESS
 test SUCCESS
 test SUCCESS
 test SUCCESS
 test SUCCESS
 test SUCCESS
 test SUCCESS
 test SUCCESS
 test SUCCESS
 test SUCCESS
 test SUCCESS
 test SUCCESS
 test SUCCESS
 test SUCCESS
 test SUCCESS
 test SUCCESS
 test SUCCESS
 test SUCCESS
 test SUCCESS
 test SUCCESS
 test SUCCESS
 test SUCCESS
 test SUCCESS
 test SUCCESS
 test SUCCESS
 test SUCCESS
 test SUCCESS
 test SUCCESS
 test SUCCESS
 test SUCCESS
 test SUCCESS
 test SUCCESS
 test SUCCESS
 test SUCCESS
 test SUCCESS
 test SUCCESS
 test SUCCESS
 test SUCCESS
 test SUCCESS
 test SUCCESS
 test SUCCESS
 test SUCCESS
 test SUCCESS
 test SUCCESS
 test SUCCESS
 test SUCCESS
 test SUCCESS
 test SUCCESS
 test SUCCESS
 test SUCCESS
 test SUCCESS
 test SUCCESS
 test SUCCESS
 test SUCCESS
 test SUCCESS
 test SUCCESS
 test SUCCESS
 test SUCCESS
 test SUCCESS
 test SUCCESS
 test SUCCESS
 test SUCCESS
 test SUCCESS
 test SUCCESS
 test SUCCESS
 test SUCCESS
 test SUCCESS
 test SUCCESS
 test SUCCESS
 test SUCCESS
 test SUCCESS
 test SUCCESS
 test SUCCESS
 test SUCCESS
 test SUCCESS
 test SUCCESS
 test SUCCESS
 test SUCCESS
 test SUCCESS
 test SUCCESS
 test SUCCESS
 test SUCCESS
 test SUCCESS
 test SUCCESS
 test SUCCESS
 test SUCCESS
 test SUCCESS
 test SUCCESS
 test SUCCESS
 test SUCCESS
 test SUCCESS
 test SUCCESS
 test SUCCESS
 test SUCCESS
 test SUCCESS
 test SUCCESS
 test SUCCESS
 test SUCCESS
 test SUCCESS
 test SUCCESS
 test SUCCESS
 test SUCCESS
 test SUCCESS
 test SUCCESS
 test SUCCESS
 test SUCCESS
 test SUCCESS
 test SUCCESS
 test SUCCESS
 test SUCCESS
 test SUCCESS
 test SUCCESS
 test SUCCESS
 test SUCCESS
 test SUCCESS
 test SUCCESS
 test SUCCESS
 test SUCCESS
 test SUCCESS
 test SUCCESS
 test SUCCESS
 test SUCCESS
 test SUCCESS
 test SUCCESS
 test SUCCESS
 test SUCCESS
 test SUCCESS
 test SUCCESS
 test SUCCESS
 test SUCCESS
 test SUCCESS
 test SUCCESS
 test SUCCESS
 test SUCCESS
 test SUCCESS
 test SUCCESS
 test SUCCESS
 test SUCCESS
 test SUCCESS
 test SUCCESS
 test SUCCESS
 test SUCCESS
 test SUCCESS
 test SUCCESS
 test SUCCESS
 test SUCCESS
 test SUCCESS
 test SUCCESS
 test SUCCESS
 test SUCCESS
 test SUCCESS
 test SUCCESS
 test SUCCESS
 test SUCCESS
 test SUCCESS
 test SUCCESS
 test SUCCESS
 test SUCCESS
 test SUCCESS
 test SUCCESS
 test SUCCESS
 test SUCCESS
 test SUCCESS
 test SUCCESS
 test SUCCESS
 test SUCCESS
 test SUCCESS
 test SUCCESS
 test SUCCESS
 test SUCCESS
 test SUCCESS
 test SUCCESS
 test SUCCESS
 test SUCCESS
 test SUCCESS
 test SUCCESS
 test SUCCESS
 test SUCCESS
 test SUCCESS
 test SUCCESS
 test SUCCESS
 test SUCCESS
 test SUCCESS
 test SUCCESS
 test SUCCESS
 test SUCCESS
 test SUCCESS
 test SUCCESS
 test SUCCESS
 test SUCCESS
 test SUCCESS
 test SUCCESS
 test SUCCESS
 test SUCCESS
 test SUCCESS
 test SUCCESS
 test SUCCESS
 test SUCCESS
 test SUCCESS
 test SUCCESS
 test SUCCESS
 test SUCCESS
 test SUCCESS
 test SUCCESS
 test SUCCESS
 test SUCCESS
 test SUCCESS
 test SUCCESS
 test SUCCESS
 test SUCCESS
 test SUCCESS
 test SUCCESS
 test SUCCESS
 test SUCCESS
 test SUCCESS
 test SUCCESS
 test SUCCESS
 test SUCCESS
 test SUCCESS
 test SUCCESS
 test SUCCESS
 test SUCCESS
 test SUCCESS
 test SUCCESS
 test SUCCESS
 test SUCCESS
 test SUCCESS
 test SUCCESS
 test SUCCESS
 test SUCCESS
 test SUCCESS
 test SUCCESS
 test SUCCESS
 test SUCCESS
 test SUCCESS
 test SUCCESS
 test SUCCESS
 test SUCCESS
 test SUCCESS
 test SUCCESS
 test SUCCESS
 test SUCCESS
 test SUCCESS
 test SUCCESS
 test SUCCESS
 test SUCCESS
 test SUCCESS
 test SUCCESS
 test SUCCESS
 test SUCCESS
 test SUCCESS
 test SUCCESS
 test SUCCESS
 test SUCCESS
 test SUCCESS
 test SUCCESS
 test SUCCESS
 test SUCCESS
 test SUCCESS
 test SUCCESS
 test SUCCESS
 test SUCCESS
 test SUCCESS
 test SUCCESS
 test SUCCESS
 test SUCCESS
 test SUCCESS
 test SUCCESS
 test SUCCESS
 test SUCCESS
 test SUCCESS
 test SUCCESS
 test SUCCESS
 test SUCCESS
 test SUCCESS
2018-06-11 14:48:55 DEBUG App:20 - This is debug!
2018-06-11 14:48:56 DEBUG App:25 - Received 0 new messages
2018-06-11 14:48:56 DEBUG Report:18 - Report: 
